Arguments: 
  /home/carlosberti/.nvm/versions/node/v10.16.0/bin/node /home/carlosberti/.yarn/bin/yarn.js add nodemom -D

PATH: 
  /home/carlosberti/.yarn/bin:/home/carlosberti/.config/yarn/global/node_modules/.bin:/home/carlosberti/.nvm/versions/node/v10.16.0/bin:/usr/local/sbin:/usr/local/bin:/usr/sbin:/usr/bin:/sbin:/bin:/usr/games:/usr/local/games:/mnt/c/Windows/system32:/mnt/c/Windows:/mnt/c/Windows/System32/Wbem:/mnt/c/Windows/System32/WindowsPowerShell/v1.0/:/mnt/c/Windows/System32/OpenSSH/:/mnt/c/Program Files/NVIDIA Corporation/NVIDIA NvDLISR:/mnt/c/Program Files (x86)/NVIDIA Corporation/PhysX/Common:/mnt/c/Program Files/Git/cmd:/mnt/c/Users/carlo/AppData/Local/Microsoft/WindowsApps:/mnt/c/Users/carlo/AppData/Local/Programs/Microsoft VS Code/bin:/mnt/c/Users/carlo/AppData/Local/hyper/app-3.0.2/resources/bin

Yarn version: 
  1.16.0

Node version: 
  10.16.0

Platform: 
  linux x64

Trace: 
  Error: https://registry.yarnpkg.com/nodemom: Not found
      at Request.params.callback [as _callback] (/home/carlosberti/.yarn/lib/cli.js:66091:18)
      at Request.self.callback (/home/carlosberti/.yarn/lib/cli.js:129590:22)
      at Request.emit (events.js:198:13)
      at Request.<anonymous> (/home/carlosberti/.yarn/lib/cli.js:130562:10)
      at Request.emit (events.js:198:13)
      at IncomingMessage.<anonymous> (/home/carlosberti/.yarn/lib/cli.js:130484:12)
      at Object.onceWrapper (events.js:286:20)
      at IncomingMessage.emit (events.js:203:15)
      at endReadableNT (_stream_readable.js:1129:12)
      at process._tickCallback (internal/process/next_tick.js:63:19)

npm manifest: 
  {
    "name": "desafio1",
    "version": "1.0.0",
    "main": "index.js",
    "license": "MIT"
  }

yarn manifest: 
  No manifest

Lockfile: 
  # THIS IS AN AUTOGENERATED FILE. DO NOT EDIT THIS FILE DIRECTLY.
  # yarn lockfile v1
